# JRE version: Java(TM) SE Runtime Environment (18.0.1.1+2) (build 18.0.1.1+2-6)
# Java VM: Java HotSpot(TM) 64-Bit Server VM (18.0.1.1+2-6, mixed mode, sharing, tiered, compressed oops, compressed class ptrs, g1 gc, bsd-amd64)
GC Precious Log:
 CardTable entry size: 512
 Card Set container configuration: InlinePtr #cards 5 size 8 Array Of Cards #cards 12 size 40 Howl #buckets 4 coarsen threshold 1843 Howl Bitmap #cards 512 size 80 coarsen threshold 460 Card regions per heap region 1 cards per card region 2048
 CPUs: 8 total, 8 available
 Memory: 16384M
 Large Page Support: Disabled
 NUMA Support: Disabled
 Compressed Oops: Enabled (Zero based)
 Heap Region Size: 1M
 Heap Min Capacity: 8M
 Heap Initial Capacity: 256M
 Heap Max Capacity: 1G
 Pre-touch: Disabled
 Parallel Workers: 8
 Concurrent Workers: 2
 Concurrent Refinement Workers: 8
 Periodic GC: Disabled
Heap:
 garbage-first heap   total 227328K, used 79190K [0x00000007c0000000, 0x0000000800000000)
  region size 1024K, 1 young (1024K), 0 survivors (0K)
 Metaspace       used 9658K, committed 9856K, reserved 1114112K
  class space    used 1450K, committed 1536K, reserved 1048576K
GC Heap History (20 events):
Event: 3.426 GC heap before
{Heap before GC invocations=19 (full 5):
 garbage-first heap   total 227328K, used 168697K [0x00000007c0000000, 0x0000000800000000)
  region size 1024K, 100 young (102400K), 13 survivors (13312K)
 Metaspace       used 9383K, committed 9536K, reserved 1114112K
  class space    used 1416K, committed 1472K, reserved 1048576K
}
Event: 3.438 GC heap after
{Heap after GC invocations=20 (full 5):
 garbage-first heap   total 227328K, used 86702K [0x00000007c0000000, 0x0000000800000000)
  region size 1024K, 10 young (10240K), 10 survivors (10240K)
 Metaspace       used 9383K, committed 9536K, reserved 1114112K
  class space    used 1416K, committed 1472K, reserved 1048576K
}
Event: 3.512 GC heap before
{Heap before GC invocations=20 (full 5):
 garbage-first heap   total 227328K, used 172718K [0x00000007c0000000, 0x0000000800000000)
  region size 1024K, 94 young (96256K), 10 survivors (10240K)
 Metaspace       used 9384K, committed 9536K, reserved 1114112K
  class space    used 1416K, committed 1472K, reserved 1048576K
}
Event: 3.523 GC heap after
{Heap after GC invocations=21 (full 5):
 garbage-first heap   total 227328K, used 96587K [0x00000007c0000000, 0x0000000800000000)
  region size 1024K, 10 young (10240K), 10 survivors (10240K)
 Metaspace       used 9384K, committed 9536K, reserved 1114112K
  class space    used 1416K, committed 1472K, reserved 1048576K
}
Event: 3.600 GC heap before
{Heap before GC invocations=21 (full 5):
 garbage-first heap   total 227328K, used 176459K [0x00000007c0000000, 0x0000000800000000)
  region size 1024K, 88 young (90112K), 10 survivors (10240K)
 Metaspace       used 9385K, committed 9536K, reserved 1114112K
  class space    used 1416K, committed 1472K, reserved 1048576K
}
Event: 3.610 GC heap after
{Heap after GC invocations=22 (full 5):
 garbage-first heap   total 227328K, used 105171K [0x00000007c0000000, 0x0000000800000000)
  region size 1024K, 9 young (9216K), 9 survivors (9216K)
 Metaspace       used 9385K, committed 9536K, reserved 1114112K
  class space    used 1416K, committed 1472K, reserved 1048576K
}
Event: 8.961 GC heap before
{Heap before GC invocations=22 (full 5):
 garbage-first heap   total 227328K, used 125651K [0x00000007c0000000, 0x0000000800000000)
  region size 1024K, 30 young (30720K), 9 survivors (9216K)
 Metaspace       used 9657K, committed 9856K, reserved 1114112K
  class space    used 1450K, committed 1536K, reserved 1048576K
}
Event: 9.027 GC heap after
{Heap after GC invocations=23 (full 6):
 garbage-first heap   total 227328K, used 79190K [0x00000007c0000000, 0x0000000800000000)
  region size 1024K, 0 young (0K), 0 survivors (0K)
 Metaspace       used 9657K, committed 9856K, reserved 1114112K
  class space    used 1450K, committed 1536K, reserved 1048576K
}
Event: 9.044 GC heap before
{Heap before GC invocations=23 (full 6):
 garbage-first heap   total 227328K, used 79190K [0x00000007c0000000, 0x0000000800000000)
  region size 1024K, 1 young (1024K), 0 survivors (0K)
 Metaspace       used 9657K, committed 9856K, reserved 1114112K
  class space    used 1450K, committed 1536K, reserved 1048576K
}
Event: 9.075 GC heap after
{Heap after GC invocations=24 (full 7):
 garbage-first heap   total 227328K, used 79190K [0x00000007c0000000, 0x0000000800000000)
  region size 1024K, 0 young (0K), 0 survivors (0K)
 Metaspace       used 9657K, committed 9856K, reserved 1114112K
  class space    used 1450K, committed 1536K, reserved 1048576K
}
Event: 10.303 GC heap before
{Heap before GC invocations=24 (full 7):
 garbage-first heap   total 227328K, used 79190K [0x00000007c0000000, 0x0000000800000000)
  region size 1024K, 1 young (1024K), 0 survivors (0K)
 Metaspace       used 9657K, committed 9856K, reserved 1114112K
  class space    used 1450K, committed 1536K, reserved 1048576K
}
Event: 10.350 GC heap after
{Heap after GC invocations=25 (full 8):
 garbage-first heap   total 227328K, used 79190K [0x00000007c0000000, 0x0000000800000000)
  region size 1024K, 0 young (0K), 0 survivors (0K)
 Metaspace       used 9657K, committed 9856K, reserved 1114112K
  class space    used 1450K, committed 1536K, reserved 1048576K
}
Event: 11.336 GC heap before
{Heap before GC invocations=25 (full 8):
 garbage-first heap   total 227328K, used 79190K [0x00000007c0000000, 0x0000000800000000)
  region size 1024K, 1 young (1024K), 0 survivors (0K)
 Metaspace       used 9657K, committed 9856K, reserved 1114112K
  class space    used 1450K, committed 1536K, reserved 1048576K
}
Event: 11.367 GC heap after
{Heap after GC invocations=26 (full 9):
 garbage-first heap   total 227328K, used 79190K [0x00000007c0000000, 0x0000000800000000)
  region size 1024K, 0 young (0K), 0 survivors (0K)
 Metaspace       used 9657K, committed 9856K, reserved 1114112K
  class space    used 1450K, committed 1536K, reserved 1048576K
}
Event: 11.587 GC heap before
{Heap before GC invocations=26 (full 9):
 garbage-first heap   total 227328K, used 79190K [0x00000007c0000000, 0x0000000800000000)
  region size 1024K, 1 young (1024K), 0 survivors (0K)
 Metaspace       used 9657K, committed 9856K, reserved 1114112K
  class space    used 1450K, committed 1536K, reserved 1048576K
}
Event: 11.620 GC heap after
{Heap after GC invocations=27 (full 10):
 garbage-first heap   total 227328K, used 79190K [0x00000007c0000000, 0x0000000800000000)
  region size 1024K, 0 young (0K), 0 survivors (0K)
 Metaspace       used 9657K, committed 9856K, reserved 1114112K
  class space    used 1450K, committed 1536K, reserved 1048576K
}
Event: 11.656 GC heap before
{Heap before GC invocations=27 (full 10):
 garbage-first heap   total 227328K, used 79190K [0x00000007c0000000, 0x0000000800000000)
  region size 1024K, 1 young (1024K), 0 survivors (0K)
 Metaspace       used 9657K, committed 9856K, reserved 1114112K
  class space    used 1450K, committed 1536K, reserved 1048576K
}
Event: 11.687 GC heap after
{Heap after GC invocations=28 (full 11):
 garbage-first heap   total 227328K, used 79190K [0x00000007c0000000, 0x0000000800000000)
  region size 1024K, 0 young (0K), 0 survivors (0K)
 Metaspace       used 9657K, committed 9856K, reserved 1114112K
  class space    used 1450K, committed 1536K, reserved 1048576K
}
Event: 11.719 GC heap before
{Heap before GC invocations=28 (full 11):
 garbage-first heap   total 227328K, used 79190K [0x00000007c0000000, 0x0000000800000000)
  region size 1024K, 1 young (1024K), 0 survivors (0K)
 Metaspace       used 9657K, committed 9856K, reserved 1114112K
  class space    used 1450K, committed 1536K, reserved 1048576K
}
Event: 11.756 GC heap after
{Heap after GC invocations=29 (full 12):
 garbage-first heap   total 227328K, used 79190K [0x00000007c0000000, 0x0000000800000000)
  region size 1024K, 0 young (0K), 0 survivors (0K)
 Metaspace       used 9657K, committed 9856K, reserved 1114112K
  class space    used 1450K, committed 1536K, reserved 1048576K
}

